c:\users\omen\onedrive\デスクトップ\dunseon escape\x64\debug\vc142.pdb
c:\users\omen\onedrive\デスクトップ\dunseon escape\x64\debug\vc142.idb
c:\users\omen\onedrive\デスクトップ\dunseon escape\x64\debug\startmenu.obj
c:\users\omen\onedrive\デスクトップ\dunseon escape\x64\debug\mapdata.obj
c:\users\omen\onedrive\デスクトップ\dunseon escape\x64\debug\gamemain.obj
c:\users\omen\onedrive\デスクトップ\dunseon escape\x64\debug\playeroperation.obj
c:\users\omen\onedrive\デスクトップ\dunseon escape\x64\debug\fatmanphysics.obj
c:\users\omen\onedrive\デスクトップ\dunseon escape\x64\debug\fatmanmmd.obj
c:\users\omen\onedrive\デスクトップ\dunseon escape\x64\debug\fatmanai.obj
c:\users\omen\onedrive\デスクトップ\dunseon escape\x64\debug\fatman.obj
c:\users\omen\onedrive\デスクトップ\dunseon escape\x64\debug\enemy.obj
c:\users\omen\onedrive\デスクトップ\dunseon escape\x64\debug\gameprog.exe
c:\users\omen\onedrive\デスクトップ\dunseon escape\x64\debug\gameprog.ilk
c:\users\omen\onedrive\デスクトップ\dunseon escape\x64\debug\gameprog.pdb
c:\users\omen\onedrive\デスクトップ\dunseon escape\x64\debug\mmd.obj
c:\users\omen\onedrive\デスクトップ\dunseon escape\x64\debug\gamemain.obj.enc
c:\users\omen\onedrive\デスクトップ\dunseon escape\x64\debug\mapdata.obj.enc
c:\users\omen\onedrive\デスクトップ\dunseon escape\x64\debug\playeroperation.obj.enc
c:\users\omen\onedrive\デスクトップ\dunseon escape\x64\debug\startmenu.obj.enc
c:\users\omen\onedrive\デスクトップ\dunseon escape\x64\debug\gameprog.tlog\cl.command.1.tlog
c:\users\omen\onedrive\デスクトップ\dunseon escape\x64\debug\gameprog.tlog\cl.read.1.tlog
c:\users\omen\onedrive\デスクトップ\dunseon escape\x64\debug\gameprog.tlog\cl.write.1.tlog
c:\users\omen\onedrive\デスクトップ\dunseon escape\x64\debug\gameprog.tlog\link.command.1.tlog
c:\users\omen\onedrive\デスクトップ\dunseon escape\x64\debug\gameprog.tlog\link.read.1.tlog
c:\users\omen\onedrive\デスクトップ\dunseon escape\x64\debug\gameprog.tlog\link.write.1.tlog
